<?xml version="1.0" encoding="utf-8" ?>
<!DOCTYPE html PUBLIC "-//W3C//DTD XHTML 1.0 Strict//EN"
        "http://www.w3.org/TR/xhtml1/DTD/xhtml1-strict.dtd">
<html xmlns="http://www.w3.org/1999/xhtml" xml:lang="" lang="">
<head>
  <title>Test Results Report - 分组执行测试用例</title>
  <meta http-equiv="Content-Type" content="text/html;charset=utf-8" />
  <meta name="description" content="TestNG unit test results." />
  <link href="reportng.css" rel="stylesheet" type="text/css" />
    <script type="text/javascript" src="reportng.js"></script>
</head>
<body>
<h1>分组执行测试用例</h1>
<p>
  Test duration: 27.357s
</p>



  <table class="resultsTable">
    <tr><th colspan="5" class="header failed">Failed Tests</th></tr>
          <tr>
          <td colspan="1" class="group">sampleTestGroups.sampleTestOne</td>
          <td colspan="1" class="group">Duration</td>
          <td colspan="1" class="group">Log Info</td>
          <td colspan="1" class="group">Screen Shot</td>
      </tr>
            
<tr>
  <td class="method">
                  foundFailed
      </td>
  <td class="duration">
    0.004s
  </td>
  <td class="result">
        
    
            <div class="testOutput">
                          /Users/beckmam/Documents/workspace/sampleTestGroups<br />
                                  <br />
                  </div>
    

        <a href="javascript:toggleElement('exception-0', 'block')" title="Click to expand/collapse"><b>java.lang.AssertionError: expected [2] but found [1]</b></a><br />
    <div class="stackTrace" id="exception-0">
              org.testng.Assert.fail(Assert.java:94)<br />
              org.testng.Assert.failNotEquals(Assert.java:496)<br />
              org.testng.Assert.assertEquals(Assert.java:125)<br />
              org.testng.Assert.assertEquals(Assert.java:372)<br />
              org.testng.Assert.assertEquals(Assert.java:382)<br />
              sampleTestGroups.sampleTestOne.foundFailed(sampleTestOne.java:56)<br />
              sun.reflect.NativeMethodAccessorImpl.invoke0(Native Method)<br />
              sun.reflect.NativeMethodAccessorImpl.invoke(NativeMethodAccessorImpl.java:62)<br />
              sun.reflect.DelegatingMethodAccessorImpl.invoke(DelegatingMethodAccessorImpl.java:43)<br />
              java.lang.reflect.Method.invoke(Method.java:497)<br />
              org.testng.internal.MethodInvocationHelper.invokeMethod(MethodInvocationHelper.java:85)<br />
              org.testng.internal.Invoker.invokeMethod(Invoker.java:639)<br />
              org.testng.internal.Invoker.invokeTestMethod(Invoker.java:816)<br />
              org.testng.internal.Invoker.invokeTestMethods(Invoker.java:1124)<br />
              org.testng.internal.TestMethodWorker.invokeTestMethods(TestMethodWorker.java:125)<br />
              org.testng.internal.TestMethodWorker.run(TestMethodWorker.java:108)<br />
              org.testng.TestRunner.privateRun(TestRunner.java:774)<br />
              org.testng.TestRunner.run(TestRunner.java:624)<br />
              org.testng.SuiteRunner.runTest(SuiteRunner.java:359)<br />
              org.testng.SuiteRunner.runSequentially(SuiteRunner.java:354)<br />
              org.testng.SuiteRunner.privateRun(SuiteRunner.java:312)<br />
              org.testng.SuiteRunner.run(SuiteRunner.java:261)<br />
              org.testng.SuiteRunnerWorker.runSuite(SuiteRunnerWorker.java:52)<br />
              org.testng.SuiteRunnerWorker.run(SuiteRunnerWorker.java:86)<br />
              org.testng.TestNG.runSuitesSequentially(TestNG.java:1215)<br />
              org.testng.TestNG.runSuitesLocally(TestNG.java:1140)<br />
              org.testng.TestNG.run(TestNG.java:1048)<br />
              org.testng.remote.RemoteTestNG.run(RemoteTestNG.java:112)<br />
              org.testng.remote.RemoteTestNG.initAndRun(RemoteTestNG.java:205)<br />
              org.testng.remote.RemoteTestNG.main(RemoteTestNG.java:176)<br />
                </div>
      </td>
  <td class="screenshot">
                      <div class="screenshotimage">
                                                      <br />
                                                                        <img src='/Users/beckmam/Documents/workspace/sampleTestGroups/foundFailed.jpg' hight='100' width='100'/><br />
                                          </div>
        </td>
</tr>
<tr>
  <td class="method">
                  tomTest
      </td>
  <td class="duration">
    0.001s
  </td>
  <td class="result">
        
    
            <div class="testOutput">
                          /Users/beckmam/Documents/workspace/sampleTestGroups<br />
                                  <br />
                  </div>
    

        <a href="javascript:toggleElement('exception-1', 'block')" title="Click to expand/collapse"><b>java.lang.AssertionError: expected [2] but found [1]</b></a><br />
    <div class="stackTrace" id="exception-1">
              org.testng.Assert.fail(Assert.java:94)<br />
              org.testng.Assert.failNotEquals(Assert.java:496)<br />
              org.testng.Assert.assertEquals(Assert.java:125)<br />
              org.testng.Assert.assertEquals(Assert.java:372)<br />
              org.testng.Assert.assertEquals(Assert.java:382)<br />
              sampleTestGroups.sampleTestOne.tomTest(sampleTestOne.java:37)<br />
              sun.reflect.NativeMethodAccessorImpl.invoke0(Native Method)<br />
              sun.reflect.NativeMethodAccessorImpl.invoke(NativeMethodAccessorImpl.java:62)<br />
              sun.reflect.DelegatingMethodAccessorImpl.invoke(DelegatingMethodAccessorImpl.java:43)<br />
              java.lang.reflect.Method.invoke(Method.java:497)<br />
              org.testng.internal.MethodInvocationHelper.invokeMethod(MethodInvocationHelper.java:85)<br />
              org.testng.internal.Invoker.invokeMethod(Invoker.java:639)<br />
              org.testng.internal.Invoker.invokeTestMethod(Invoker.java:816)<br />
              org.testng.internal.Invoker.invokeTestMethods(Invoker.java:1124)<br />
              org.testng.internal.TestMethodWorker.invokeTestMethods(TestMethodWorker.java:125)<br />
              org.testng.internal.TestMethodWorker.run(TestMethodWorker.java:108)<br />
              org.testng.TestRunner.privateRun(TestRunner.java:774)<br />
              org.testng.TestRunner.run(TestRunner.java:624)<br />
              org.testng.SuiteRunner.runTest(SuiteRunner.java:359)<br />
              org.testng.SuiteRunner.runSequentially(SuiteRunner.java:354)<br />
              org.testng.SuiteRunner.privateRun(SuiteRunner.java:312)<br />
              org.testng.SuiteRunner.run(SuiteRunner.java:261)<br />
              org.testng.SuiteRunnerWorker.runSuite(SuiteRunnerWorker.java:52)<br />
              org.testng.SuiteRunnerWorker.run(SuiteRunnerWorker.java:86)<br />
              org.testng.TestNG.runSuitesSequentially(TestNG.java:1215)<br />
              org.testng.TestNG.runSuitesLocally(TestNG.java:1140)<br />
              org.testng.TestNG.run(TestNG.java:1048)<br />
              org.testng.remote.RemoteTestNG.run(RemoteTestNG.java:112)<br />
              org.testng.remote.RemoteTestNG.initAndRun(RemoteTestNG.java:205)<br />
              org.testng.remote.RemoteTestNG.main(RemoteTestNG.java:176)<br />
                </div>
      </td>
  <td class="screenshot">
                      <div class="screenshotimage">
                                                      <br />
                                                                        <img src='/Users/beckmam/Documents/workspace/sampleTestGroups/tomTest.jpg' hight='100' width='100'/><br />
                                          </div>
        </td>
</tr>
      </table>


  <table class="resultsTable">
    <tr><th colspan="3" class="header passed">Passed Tests</th></tr>
          <tr>
        <td colspan="3" class="group">sampleTestGroups.sampleTestOne</td>
      </tr>
            
<tr>
  <td class="method">
                  andyTest
      </td>
  <td class="duration">
    0.026s
  </td>
  <td class="result">
        
    
        

      </td>
  <td class="screenshot">
              </td>
</tr>
<tr>
  <td class="method">
                  jimTest
      </td>
  <td class="duration">
    0.013s
  </td>
  <td class="result">
        
    
        

      </td>
  <td class="screenshot">
              </td>
</tr>
      </table>

<style>
  .preview { display: none; width: 100%; height: 100%; position: fixed; top: 0px; left: 0px; }
  .bg { width: 100%; height: 100%; background: #000; filter: alpha(opacity=0); filter: progid:DXImageTransform.Microsoft.Alpha(opacity=50); opacity: 0.5; }
  .preview img { width: 320px; height: 480px; position: absolute; top: 50%; left: 50%; margin: -240px -160px; }
</style>
<div class="preview">
  <div class="bg"></div>
  <img src="" />
</div>
<script src="jquery.min.js"></script>
<script>
  $('.screenshotimage img').on({
    click : function(){
      var src = $(this).attr('src');
      $('.preview img').attr('src', src);
       $('.preview').show();
    }
  });
  $('.preview .bg').on({
    click : function(){
      $('.preview').hide();
    }
  })
</script>  
</body>
</html>
